# JRE version: OpenJDK Runtime Environment Temurin-17.0.2+8 (17.0.2+8) (build 17.0.2+8)
# Java VM: OpenJDK 64-Bit Server VM Temurin-17.0.2+8 (17.0.2+8, mixed mode, tiered, compressed oops, compressed class ptrs, g1 gc, windows-amd64)
GC Precious Log:
 CPUs: 4 total, 4 available
 Memory: 3988M
 Large Page Support: Disabled
 NUMA Support: Disabled
 Compressed Oops: Enabled (32-bit)
 Heap Region Size: 1M
 Heap Min Capacity: 8M
 Heap Initial Capacity: 64M
 Heap Max Capacity: 998M
 Pre-touch: Disabled
 Parallel Workers: 4
 Concurrent Workers: 1
 Concurrent Refinement Workers: 4
 Periodic GC: Disabled
Heap:
 garbage-first heap   total 61440K, used 18564K [0x00000000c1a00000, 0x0000000100000000)
  region size 1024K, 8 young (8192K), 4 survivors (4096K)
 Metaspace       used 36495K, committed 36800K, reserved 1089536K
  class space    used 4210K, committed 4352K, reserved 1048576K
GC Heap History (18 events):
Event: 1.638 GC heap before
{Heap before GC invocations=0 (full 0):
 garbage-first heap   total 65536K, used 12288K [0x00000000c1a00000, 0x0000000100000000)
  region size 1024K, 13 young (13312K), 0 survivors (0K)
 Metaspace       used 11540K, committed 11776K, reserved 1064960K
  class space    used 1097K, committed 1216K, reserved 1048576K
}
Event: 1.648 GC heap after
{Heap after GC invocations=1 (full 0):
 garbage-first heap   total 65536K, used 6649K [0x00000000c1a00000, 0x0000000100000000)
  region size 1024K, 2 young (2048K), 2 survivors (2048K)
 Metaspace       used 11540K, committed 11776K, reserved 1064960K
  class space    used 1097K, committed 1216K, reserved 1048576K
}
Event: 4.485 GC heap before
{Heap before GC invocations=1 (full 0):
 garbage-first heap   total 65536K, used 16889K [0x00000000c1a00000, 0x0000000100000000)
  region size 1024K, 12 young (12288K), 2 survivors (2048K)
 Metaspace       used 14952K, committed 15168K, reserved 1064960K
  class space    used 1497K, committed 1600K, reserved 1048576K
}
Event: 4.491 GC heap after
{Heap after GC invocations=2 (full 0):
 garbage-first heap   total 65536K, used 7325K [0x00000000c1a00000, 0x0000000100000000)
  region size 1024K, 1 young (1024K), 1 survivors (1024K)
 Metaspace       used 14952K, committed 15168K, reserved 1064960K
  class space    used 1497K, committed 1600K, reserved 1048576K
}
Event: 5.640 GC heap before
{Heap before GC invocations=2 (full 0):
 garbage-first heap   total 65536K, used 26781K [0x00000000c1a00000, 0x0000000100000000)
  region size 1024K, 21 young (21504K), 1 survivors (1024K)
 Metaspace       used 21235K, committed 21504K, reserved 1073152K
  class space    used 2276K, committed 2432K, reserved 1048576K
}
Event: 5.646 GC heap after
{Heap after GC invocations=3 (full 0):
 garbage-first heap   total 65536K, used 9111K [0x00000000c1a00000, 0x0000000100000000)
  region size 1024K, 3 young (3072K), 3 survivors (3072K)
 Metaspace       used 21235K, committed 21504K, reserved 1073152K
  class space    used 2276K, committed 2432K, reserved 1048576K
}
Event: 6.524 GC heap before
{Heap before GC invocations=4 (full 0):
 garbage-first heap   total 37888K, used 27543K [0x00000000c1a00000, 0x0000000100000000)
  region size 1024K, 22 young (22528K), 3 survivors (3072K)
 Metaspace       used 26243K, committed 26496K, reserved 1073152K
  class space    used 2887K, committed 3008K, reserved 1048576K
}
Event: 6.530 GC heap after
{Heap after GC invocations=5 (full 0):
 garbage-first heap   total 37888K, used 10407K [0x00000000c1a00000, 0x0000000100000000)
  region size 1024K, 4 young (4096K), 4 survivors (4096K)
 Metaspace       used 26243K, committed 26496K, reserved 1073152K
  class space    used 2887K, committed 3008K, reserved 1048576K
}
Event: 6.561 GC heap before
{Heap before GC invocations=5 (full 0):
 garbage-first heap   total 37888K, used 22695K [0x00000000c1a00000, 0x0000000100000000)
  region size 1024K, 16 young (16384K), 4 survivors (4096K)
 Metaspace       used 26245K, committed 26496K, reserved 1073152K
  class space    used 2887K, committed 3008K, reserved 1048576K
}
Event: 6.568 GC heap after
{Heap after GC invocations=6 (full 0):
 garbage-first heap   total 37888K, used 11301K [0x00000000c1a00000, 0x0000000100000000)
  region size 1024K, 1 young (1024K), 1 survivors (1024K)
 Metaspace       used 26245K, committed 26496K, reserved 1073152K
  class space    used 2887K, committed 3008K, reserved 1048576K
}
Event: 6.598 GC heap before
{Heap before GC invocations=6 (full 0):
 garbage-first heap   total 37888K, used 24613K [0x00000000c1a00000, 0x0000000100000000)
  region size 1024K, 14 young (14336K), 1 survivors (1024K)
 Metaspace       used 26245K, committed 26496K, reserved 1073152K
  class space    used 2887K, committed 3008K, reserved 1048576K
}
Event: 6.599 GC heap after
{Heap after GC invocations=7 (full 0):
 garbage-first heap   total 37888K, used 11131K [0x00000000c1a00000, 0x0000000100000000)
  region size 1024K, 1 young (1024K), 1 survivors (1024K)
 Metaspace       used 26245K, committed 26496K, reserved 1073152K
  class space    used 2887K, committed 3008K, reserved 1048576K
}
Event: 6.729 GC heap before
{Heap before GC invocations=7 (full 0):
 garbage-first heap   total 37888K, used 25467K [0x00000000c1a00000, 0x0000000100000000)
  region size 1024K, 15 young (15360K), 1 survivors (1024K)
 Metaspace       used 26588K, committed 26880K, reserved 1073152K
  class space    used 2922K, committed 3072K, reserved 1048576K
}
Event: 6.734 GC heap after
{Heap after GC invocations=8 (full 0):
 garbage-first heap   total 37888K, used 12173K [0x00000000c1a00000, 0x0000000100000000)
  region size 1024K, 2 young (2048K), 2 survivors (2048K)
 Metaspace       used 26588K, committed 26880K, reserved 1073152K
  class space    used 2922K, committed 3072K, reserved 1048576K
}
Event: 7.428 GC heap before
{Heap before GC invocations=8 (full 0):
 garbage-first heap   total 37888K, used 26509K [0x00000000c1a00000, 0x0000000100000000)
  region size 1024K, 16 young (16384K), 2 survivors (2048K)
 Metaspace       used 29915K, committed 30272K, reserved 1081344K
  class space    used 3357K, committed 3520K, reserved 1048576K
}
Event: 7.434 GC heap after
{Heap after GC invocations=9 (full 0):
 garbage-first heap   total 64512K, used 13313K [0x00000000c1a00000, 0x0000000100000000)
  region size 1024K, 2 young (2048K), 2 survivors (2048K)
 Metaspace       used 29915K, committed 30272K, reserved 1081344K
  class space    used 3357K, committed 3520K, reserved 1048576K
}
Event: 9.763 GC heap before
{Heap before GC invocations=9 (full 0):
 garbage-first heap   total 64512K, used 31745K [0x00000000c1a00000, 0x0000000100000000)
  region size 1024K, 21 young (21504K), 2 survivors (2048K)
 Metaspace       used 35664K, committed 35968K, reserved 1081344K
  class space    used 4088K, committed 4224K, reserved 1048576K
}
Event: 9.769 GC heap after
{Heap after GC invocations=10 (full 0):
 garbage-first heap   total 64512K, used 15492K [0x00000000c1a00000, 0x0000000100000000)
  region size 1024K, 4 young (4096K), 4 survivors (4096K)
 Metaspace       used 35664K, committed 35968K, reserved 1081344K
  class space    used 4088K, committed 4224K, reserved 1048576K
}

